Traceback (most recent call last):
  File "/home/hamid/miniconda3/envs/jupyterbook/lib/python3.11/site-packages/jupyter_cache/executors/utils.py", line 58, in single_nb_execution
    executenb(
  File "/home/hamid/miniconda3/envs/jupyterbook/lib/python3.11/site-packages/nbclient/client.py", line 1305, in execute
    return NotebookClient(nb=nb, resources=resources, km=km, **kwargs).execute()
           ^^^^^^^^^^^^^^^^^^^^^^^^^^^^^^^^^^^^^^^^^^^^^^^^^^^^^^^^^^^^^^^^^^^^^
  File "/home/hamid/miniconda3/envs/jupyterbook/lib/python3.11/site-packages/jupyter_core/utils/__init__.py", line 166, in wrapped
    return loop.run_until_complete(inner)
           ^^^^^^^^^^^^^^^^^^^^^^^^^^^^^^
  File "/home/hamid/miniconda3/envs/jupyterbook/lib/python3.11/asyncio/base_events.py", line 653, in run_until_complete
    return future.result()
           ^^^^^^^^^^^^^^^
  File "/home/hamid/miniconda3/envs/jupyterbook/lib/python3.11/site-packages/nbclient/client.py", line 705, in async_execute
    await self.async_execute_cell(
  File "/home/hamid/miniconda3/envs/jupyterbook/lib/python3.11/site-packages/nbclient/client.py", line 1058, in async_execute_cell
    await self._check_raise_for_error(cell, cell_index, exec_reply)
  File "/home/hamid/miniconda3/envs/jupyterbook/lib/python3.11/site-packages/nbclient/client.py", line 914, in _check_raise_for_error
    raise CellExecutionError.from_cell_and_msg(cell, exec_reply_content)
nbclient.exceptions.CellExecutionError: An error occurred while executing the following cell:
------------------
import pandas as pd
import numpy as np
import plotly.express as px
import plotly.graph_objects as go
from plotly.subplots import make_subplots
import seaborn as sns
import matplotlib.pyplot as plt

df = pd.read_csv('/home/hamid/IV/docs/cleaned_data.csv').drop(columns=['Unnamed: 0'])

fig = px.scatter(
    df, 
    x='Economy (GDP per Capita)', 
    y='Happiness Score', 
    color='Country', 
    trendline='ols', 
    trendline_scope='overall',
    trendline_color_override='black'
    )

fig.update_layout(
    title="De invloed van de economie op de Happiness Score",
    xaxis_title="Economy (GDP per Capita)",
    yaxis_title="Happiness Score",
    annotations=[dict(
        x=0.5,
        y=-0.2,
        showarrow=False,
        text="Op de x-as is de Economy variabele weergegeven, een grotere waarde betekent dat de economie verbetert.\
        <br> Op de y-as is de Happiness Score weergegeven, dit geeft aan hoe blij mensen zijn. Uit de grafiek kan per land afgelezen worden hoezeer de Economy variabele de Happiness Score beïnvloedt.",
        xref="paper",
        yref="paper",
        font=dict(size=10)
        )
    ]
)

fig.show()
------------------


[0;31m---------------------------------------------------------------------------[0m
[0;31mModuleNotFoundError[0m                       Traceback (most recent call last)
Cell [0;32mIn[1], line 11[0m
[1;32m      7[0m [38;5;28;01mimport[39;00m [38;5;21;01mmatplotlib[39;00m[38;5;21;01m.[39;00m[38;5;21;01mpyplot[39;00m [38;5;28;01mas[39;00m [38;5;21;01mplt[39;00m
[1;32m      9[0m df [38;5;241m=[39m pd[38;5;241m.[39mread_csv([38;5;124m'[39m[38;5;124m/home/hamid/IV/docs/cleaned_data.csv[39m[38;5;124m'[39m)[38;5;241m.[39mdrop(columns[38;5;241m=[39m[[38;5;124m'[39m[38;5;124mUnnamed: 0[39m[38;5;124m'[39m])
[0;32m---> 11[0m fig [38;5;241m=[39m [43mpx[49m[38;5;241;43m.[39;49m[43mscatter[49m[43m([49m
[1;32m     12[0m [43m    [49m[43mdf[49m[43m,[49m[43m [49m
[1;32m     13[0m [43m    [49m[43mx[49m[38;5;241;43m=[39;49m[38;5;124;43m'[39;49m[38;5;124;43mEconomy (GDP per Capita)[39;49m[38;5;124;43m'[39;49m[43m,[49m[43m [49m
[1;32m     14[0m [43m    [49m[43my[49m[38;5;241;43m=[39;49m[38;5;124;43m'[39;49m[38;5;124;43mHappiness Score[39;49m[38;5;124;43m'[39;49m[43m,[49m[43m [49m
[1;32m     15[0m [43m    [49m[43mcolor[49m[38;5;241;43m=[39;49m[38;5;124;43m'[39;49m[38;5;124;43mCountry[39;49m[38;5;124;43m'[39;49m[43m,[49m[43m [49m
[1;32m     16[0m [43m    [49m[43mtrendline[49m[38;5;241;43m=[39;49m[38;5;124;43m'[39;49m[38;5;124;43mols[39;49m[38;5;124;43m'[39;49m[43m,[49m[43m [49m
[1;32m     17[0m [43m    [49m[43mtrendline_scope[49m[38;5;241;43m=[39;49m[38;5;124;43m'[39;49m[38;5;124;43moverall[39;49m[38;5;124;43m'[39;49m[43m,[49m
[1;32m     18[0m [43m    [49m[43mtrendline_color_override[49m[38;5;241;43m=[39;49m[38;5;124;43m'[39;49m[38;5;124;43mblack[39;49m[38;5;124;43m'[39;49m
[1;32m     19[0m [43m    [49m[43m)[49m
[1;32m     21[0m fig[38;5;241m.[39mupdate_layout(
[1;32m     22[0m     title[38;5;241m=[39m[38;5;124m"[39m[38;5;124mDe invloed van de economie op de Happiness Score[39m[38;5;124m"[39m,
[1;32m     23[0m     xaxis_title[38;5;241m=[39m[38;5;124m"[39m[38;5;124mEconomy (GDP per Capita)[39m[38;5;124m"[39m,
[0;32m   (...)[0m
[1;32m     35[0m     ]
[1;32m     36[0m )
[1;32m     38[0m fig[38;5;241m.[39mshow()

File [0;32m~/miniconda3/envs/jupyterbook/lib/python3.11/site-packages/plotly/express/_chart_types.py:66[0m, in [0;36mscatter[0;34m(data_frame, x, y, color, symbol, size, hover_name, hover_data, custom_data, text, facet_row, facet_col, facet_col_wrap, facet_row_spacing, facet_col_spacing, error_x, error_x_minus, error_y, error_y_minus, animation_frame, animation_group, category_orders, labels, orientation, color_discrete_sequence, color_discrete_map, color_continuous_scale, range_color, color_continuous_midpoint, symbol_sequence, symbol_map, opacity, size_max, marginal_x, marginal_y, trendline, trendline_options, trendline_color_override, trendline_scope, log_x, log_y, range_x, range_y, render_mode, title, template, width, height)[0m
[1;32m     12[0m [38;5;28;01mdef[39;00m [38;5;21mscatter[39m(
[1;32m     13[0m     data_frame[38;5;241m=[39m[38;5;28;01mNone[39;00m,
[1;32m     14[0m     x[38;5;241m=[39m[38;5;28;01mNone[39;00m,
[0;32m   (...)[0m
[1;32m     60[0m     height[38;5;241m=[39m[38;5;28;01mNone[39;00m,
[1;32m     61[0m ) [38;5;241m-[39m[38;5;241m>[39m go[38;5;241m.[39mFigure:
[1;32m     62[0m [38;5;250m    [39m[38;5;124;03m"""[39;00m
[1;32m     63[0m [38;5;124;03m    In a scatter plot, each row of `data_frame` is represented by a symbol[39;00m
[1;32m     64[0m [38;5;124;03m    mark in 2D space.[39;00m
[1;32m     65[0m [38;5;124;03m    """[39;00m
[0;32m---> 66[0m     [38;5;28;01mreturn[39;00m [43mmake_figure[49m[43m([49m[43margs[49m[38;5;241;43m=[39;49m[38;5;28;43mlocals[39;49m[43m([49m[43m)[49m[43m,[49m[43m [49m[43mconstructor[49m[38;5;241;43m=[39;49m[43mgo[49m[38;5;241;43m.[39;49m[43mScatter[49m[43m)[49m

File [0;32m~/miniconda3/envs/jupyterbook/lib/python3.11/site-packages/plotly/express/_core.py:2270[0m, in [0;36mmake_figure[0;34m(args, constructor, trace_patch, layout_patch)[0m
[1;32m   2268[0m             next_color [38;5;241m=[39m m[38;5;241m.[39msequence[[38;5;28mlen[39m(m[38;5;241m.[39mval_map) [38;5;241m%[39m [38;5;28mlen[39m(m[38;5;241m.[39msequence)]
[1;32m   2269[0m             trendline_spec[38;5;241m.[39mtrace_patch[[38;5;124m"[39m[38;5;124mline[39m[38;5;124m"[39m] [38;5;241m=[39m [38;5;28mdict[39m(color[38;5;241m=[39mnext_color)
[0;32m-> 2270[0m patch, fit_results [38;5;241m=[39m [43mmake_trace_kwargs[49m[43m([49m
[1;32m   2271[0m [43m    [49m[43margs[49m[43m,[49m[43m [49m[43mtrendline_spec[49m[43m,[49m[43m [49m[43margs[49m[43m[[49m[38;5;124;43m"[39;49m[38;5;124;43mdata_frame[39;49m[38;5;124;43m"[39;49m[43m][49m[43m,[49m[43m [49m[43m{[49m[43m}[49m[43m,[49m[43m [49m[43msizeref[49m
[1;32m   2272[0m [43m[49m[43m)[49m
[1;32m   2273[0m trendline_trace[38;5;241m.[39mupdate(patch)
[1;32m   2274[0m fig[38;5;241m.[39madd_trace(
[1;32m   2275[0m     trendline_trace, row[38;5;241m=[39m[38;5;124m"[39m[38;5;124mall[39m[38;5;124m"[39m, col[38;5;241m=[39m[38;5;124m"[39m[38;5;124mall[39m[38;5;124m"[39m, exclude_empty_subplots[38;5;241m=[39m[38;5;28;01mTrue[39;00m
[1;32m   2276[0m )

File [0;32m~/miniconda3/envs/jupyterbook/lib/python3.11/site-packages/plotly/express/_core.py:359[0m, in [0;36mmake_trace_kwargs[0;34m(args, trace_spec, trace_data, mapping_labels, sizeref)[0m
[1;32m    357[0m trace_patch[[38;5;124m"[39m[38;5;124mx[39m[38;5;124m"[39m] [38;5;241m=[39m sorted_trace_data[args[[38;5;124m"[39m[38;5;124mx[39m[38;5;124m"[39m]][non_missing]
[1;32m    358[0m trendline_function [38;5;241m=[39m trendline_functions[attr_value]
[0;32m--> 359[0m y_out, hover_header, fit_results [38;5;241m=[39m [43mtrendline_function[49m[43m([49m
[1;32m    360[0m [43m    [49m[43margs[49m[43m[[49m[38;5;124;43m"[39;49m[38;5;124;43mtrendline_options[39;49m[38;5;124;43m"[39;49m[43m][49m[43m,[49m
[1;32m    361[0m [43m    [49m[43msorted_trace_data[49m[43m[[49m[43margs[49m[43m[[49m[38;5;124;43m"[39;49m[38;5;124;43mx[39;49m[38;5;124;43m"[39;49m[43m][49m[43m][49m[43m,[49m
[1;32m    362[0m [43m    [49m[43mx[49m[43m,[49m
[1;32m    363[0m [43m    [49m[43my[49m[43m,[49m
[1;32m    364[0m [43m    [49m[43margs[49m[43m[[49m[38;5;124;43m"[39;49m[38;5;124;43mx[39;49m[38;5;124;43m"[39;49m[43m][49m[43m,[49m
[1;32m    365[0m [43m    [49m[43margs[49m[43m[[49m[38;5;124;43m"[39;49m[38;5;124;43my[39;49m[38;5;124;43m"[39;49m[43m][49m[43m,[49m
[1;32m    366[0m [43m    [49m[43mnon_missing[49m[43m,[49m
[1;32m    367[0m [43m[49m[43m)[49m
[1;32m    368[0m [38;5;28;01massert[39;00m [38;5;28mlen[39m(y_out) [38;5;241m==[39m [38;5;28mlen[39m(
[1;32m    369[0m     trace_patch[[38;5;124m"[39m[38;5;124mx[39m[38;5;124m"[39m]
[1;32m    370[0m ), [38;5;124m"[39m[38;5;124mmissing-data-handling failure in trendline code[39m[38;5;124m"[39m
[1;32m    371[0m trace_patch[[38;5;124m"[39m[38;5;124my[39m[38;5;124m"[39m] [38;5;241m=[39m y_out

File [0;32m~/miniconda3/envs/jupyterbook/lib/python3.11/site-packages/plotly/express/trendline_functions/__init__.py:43[0m, in [0;36mols[0;34m(trendline_options, x_raw, x, y, x_label, y_label, non_missing)[0m
[1;32m     37[0m     [38;5;28;01mif[39;00m k [38;5;129;01mnot[39;00m [38;5;129;01min[39;00m valid_options:
[1;32m     38[0m         [38;5;28;01mraise[39;00m [38;5;167;01mValueError[39;00m(
[1;32m     39[0m             [38;5;124m"[39m[38;5;124mOLS trendline_options keys must be one of [[39m[38;5;132;01m%s[39;00m[38;5;124m] but got [39m[38;5;124m'[39m[38;5;132;01m%s[39;00m[38;5;124m'[39m[38;5;124m"[39m
[1;32m     40[0m             [38;5;241m%[39m ([38;5;124m"[39m[38;5;124m, [39m[38;5;124m"[39m[38;5;241m.[39mjoin(valid_options), k)
[1;32m     41[0m         )
[0;32m---> 43[0m [38;5;28;01mimport[39;00m [38;5;21;01mstatsmodels[39;00m[38;5;21;01m.[39;00m[38;5;21;01mapi[39;00m [38;5;28;01mas[39;00m [38;5;21;01msm[39;00m
[1;32m     45[0m add_constant [38;5;241m=[39m trendline_options[38;5;241m.[39mget([38;5;124m"[39m[38;5;124madd_constant[39m[38;5;124m"[39m, [38;5;28;01mTrue[39;00m)
[1;32m     46[0m log_x [38;5;241m=[39m trendline_options[38;5;241m.[39mget([38;5;124m"[39m[38;5;124mlog_x[39m[38;5;124m"[39m, [38;5;28;01mFalse[39;00m)

[0;31mModuleNotFoundError[0m: No module named 'statsmodels'

